<?xml version="1.0" encoding="UTF-8" ?>
<testsuite errors="0" failures="5" hostname="nb-sabu1" name="dk.semler.ws.vehiclesalecalculator.v201412.testsuite.VehicleSaleCalculatorSuite" skipped="0" tests="2" time="2.947" timestamp="2017-10-05T08:49:17">
  <properties>
[...]
</properties>
  <testcase classname="dk.semler.ws.vehiclesalecalculator.v201412.testcases.CalculateNewVehicleTestCases" name="PassatVanHybridInclTax[0]" time="1.831">
    <failure message="expectedsalespriceincltaxexclvat&#xa;Expected: &lt;249505.00&gt;&#xa;     but: was &lt;249990.00&gt;" type="junit.framework.AssertionFailedError">junit.framework.AssertionFailedError: expectedsalespriceincltaxexclvat
Expected: &lt;249505.00&gt;
     but: was &lt;249990.00&gt;
	at org.hamcrest.MatcherAssert.assertThat(MatcherAssert.java:20)
	at dk.semler.ws.vehiclesalecalculator.v201412.testcases.CalculateNewVehicleTestCases.PassatVanHybridInclTax(Unknown Source)
	at org.eclipse.ant.internal.launching.remote.InternalAntRunner.run(InternalAntRunner.java:452)
	at org.eclipse.ant.internal.launching.remote.InternalAntRunner.main(InternalAntRunner.java:139)
</failure>
    <failure message="expectedtaxexclregulation&#xa;Expected: &lt;3606.00&gt;&#xa;     but: was &lt;4091.00&gt;" type="junit.framework.AssertionFailedError">junit.framework.AssertionFailedError: expectedtaxexclregulation
Expected: &lt;3606.00&gt;
     but: was &lt;4091.00&gt;
	at org.hamcrest.MatcherAssert.assertThat(MatcherAssert.java:20)
	at dk.semler.ws.vehiclesalecalculator.v201412.testcases.CalculateNewVehicleTestCases.PassatVanHybridInclTax(Unknown Source)
	at org.eclipse.ant.internal.launching.remote.InternalAntRunner.run(InternalAntRunner.java:452)
	at org.eclipse.ant.internal.launching.remote.InternalAntRunner.main(InternalAntRunner.java:139)
</failure>
    <failure message="expectedsalespriceincltaxinclvat&#xa;Expected: &lt;310979.00&gt;&#xa;     but: was &lt;311464.00&gt;" type="junit.framework.AssertionFailedError">junit.framework.AssertionFailedError: expectedsalespriceincltaxinclvat
Expected: &lt;310979.00&gt;
     but: was &lt;311464.00&gt;
	at org.hamcrest.MatcherAssert.assertThat(MatcherAssert.java:20)
	at dk.semler.ws.vehiclesalecalculator.v201412.testcases.CalculateNewVehicleTestCases.PassatVanHybridInclTax(Unknown Source)
	at org.eclipse.ant.internal.launching.remote.InternalAntRunner.run(InternalAntRunner.java:452)
	at org.eclipse.ant.internal.launching.remote.InternalAntRunner.main(InternalAntRunner.java:139)
</failure>
    <failure message="expectedgrandtotalpriceinclvat&#xa;Expected: &lt;310979.00&gt;&#xa;     but: was &lt;311464.00&gt;" type="junit.framework.AssertionFailedError">junit.framework.AssertionFailedError: expectedgrandtotalpriceinclvat
Expected: &lt;310979.00&gt;
     but: was &lt;311464.00&gt;
	at org.hamcrest.MatcherAssert.assertThat(MatcherAssert.java:20)
	at dk.semler.ws.vehiclesalecalculator.v201412.testcases.CalculateNewVehicleTestCases.PassatVanHybridInclTax(Unknown Source)
	at org.eclipse.ant.internal.launching.remote.InternalAntRunner.run(InternalAntRunner.java:452)
	at org.eclipse.ant.internal.launching.remote.InternalAntRunner.main(InternalAntRunner.java:139)
</failure>
    <failure message="expectedgrandtotalpriceexclvat&#xa;Expected: &lt;249505.00&gt;&#xa;     but: was &lt;249990.00&gt;" type="junit.framework.AssertionFailedError">junit.framework.AssertionFailedError: expectedgrandtotalpriceexclvat
Expected: &lt;249505.00&gt;
     but: was &lt;249990.00&gt;
	at org.hamcrest.MatcherAssert.assertThat(MatcherAssert.java:20)
	at dk.semler.ws.vehiclesalecalculator.v201412.testcases.CalculateNewVehicleTestCases.PassatVanHybridInclTax(Unknown Source)
	at org.eclipse.ant.internal.launching.remote.InternalAntRunner.run(InternalAntRunner.java:452)
	at org.eclipse.ant.internal.launching.remote.InternalAntRunner.main(InternalAntRunner.java:139)
</failure>
  </testcase>
  <testcase classname="dk.semler.ws.vehiclesalecalculator.v201412.testcases.CalculateUsedVehicleTestCases" name="VehicleGrandTotalPriceInclVATShouldMatch[0]" time="0.633" />
  <system-out><![CDATA[]]></system-out>
  <system-err><![CDATA[]]></system-err>
</testsuite>
