<?xml version="1.0" encoding="UTF-8" ?>
<testsuite errors="0" failures="5" hostname="nb-sabu1" name="dk.semler.ws.vehiclesalecalculator.v201412.testsuite.VehicleSaleCalculatorSuite" skipped="0" tests="2" time="2.947" timestamp="2017-10-05T08:49:17">
  <properties>
    <property name="ant.project.invoked-targets" value="test" />
    <property name="java.runtime.name" value="Java(TM) SE Runtime Environment" />
    <property name="sun.boot.library.path" value="C:\ng\jdk\jre\bin" />
    <property name="java.vm.version" value="25.73-b02" />
    <property name="ant.file.testproject" value="C:\ng\ws\AntJUnitTest\build.xml" />
    <property name="ant.library.dir" value="D:\Software\apache-ant-1.10.1-bin\apache-ant-1.10.1\lib" />
    <property name="ant.version" value="Apache Ant(TM) version 1.10.1 compiled on February 2 2017" />
    <property name="ant.java.version" value="1.8" />
    <property name="java.vm.vendor" value="Oracle Corporation" />
    <property name="java.vendor.url" value="http://java.oracle.com/" />
    <property name="path.separator" value=";" />
    <property name="java.vm.name" value="Java HotSpot(TM) 64-Bit Server VM" />
    <property name="file.encoding.pkg" value="sun.io" />
    <property name="user.script" value="" />
    <property name="user.country" value="US" />
    <property name="sun.java.launcher" value="SUN_STANDARD" />
    <property name="sun.os.patch.level" value="" />
    <property name="java.vm.specification.name" value="Java Virtual Machine Specification" />
    <property name="user.dir" value="C:\ng\ws\AntJUnitTest" />
    <property name="ant.file.type.testproject" value="file" />
    <property name="java.runtime.version" value="1.8.0_73-b02" />
    <property name="java.awt.graphicsenv" value="sun.awt.Win32GraphicsEnvironment" />
    <property name="eclipse.pdebuild.scripts" value="/C:/ng/eclipse/plugins/org.eclipse.pde.build_3.9.0.v20140415-2029/scripts/" />
    <property name="basedir" value="C:\ng\ws\AntJUnitTest" />
    <property name="java.endorsed.dirs" value="C:\ng\jdk\jre\lib\endorsed" />
    <property name="os.arch" value="amd64" />
    <property name="ant.project.default-target" value="test" />
    <property name="java.io.tmpdir" value="C:\Users\mur\AppData\Local\Temp\" />
    <property name="ant.core.lib" value="D:\Software\apache-ant-1.10.1-bin\apache-ant-1.10.1\lib\ant.jar" />
    <property name="line.separator" value="&#xd;&#xa;" />
    <property name="java.vm.specification.vendor" value="Oracle Corporation" />
    <property name="user.variant" value="" />
    <property name="os.name" value="Windows 10" />
    <property name="ant.home" value="D:\Software\apache-ant-1.10.1-bin\apache-ant-1.10.1" />
    <property name="eclipse.pdebuild.templates" value="/C:/ng/eclipse/plugins/org.eclipse.pde.build_3.9.0.v20140415-2029/templates/" />
    <property name="ant.project.name" value="testproject" />
    <property name="sun.jnu.encoding" value="Cp1252" />
    <property name="java.library.path" value="C:\ng\jdk\bin;C:\WINDOWS\Sun\Java\bin;C:\WINDOWS\system32;C:\WINDOWS;C:\ProgramData\Oracle\Java\javapath;C:\WINDOWS\system32;C:\WINDOWS;C:\WINDOWS\System32\Wbem;C:\WINDOWS\System32\WindowsPowerShell\v1.0\;C:\Program Files\Google\Google Apps Sync\;C:\ng\jdk\bin;C:\Program Files (x86)\Skype\Phone\;D:\Software\apache-ant-1.10.1-bin\apache-ant-1.10.1\bin;C:\Program Files\Microsoft SQL Server\Client SDK\ODBC\130\Tools\Binn\;C:\Program Files (x86)\Microsoft SQL Server\130\Tools\Binn\;C:\Program Files\Microsoft SQL Server\130\Tools\Binn\;C:\Program Files\Microsoft SQL Server\130\DTS\Binn\;C:\Program Files\Git\cmd;C:\Program Files\Git\bin;C:\apache-maven-3.5.0\bin;C:\Users\mur\AppData\Local\Microsoft\WindowsApps;;.;C:\ng\eclipse\configuration\org.eclipse.osgi\676\0\.cp" />
    <property name="eclipse.pdebuild.home" value="/C:/ng/eclipse/plugins/org.eclipse.pde.build_3.9.0.v20140415-2029/./" />
    <property name="java.class.version" value="52.0" />
    <property name="java.specification.name" value="Java Platform API Specification" />
    <property name="sun.management.compiler" value="HotSpot 64-Bit Tiered Compilers" />
    <property name="os.version" value="10.0" />
    <property name="ant.file" value="C:\ng\ws\AntJUnitTest\build.xml" />
    <property name="user.home" value="C:\Users\mur" />
    <property name="user.timezone" value="" />
    <property name="java.awt.printerjob" value="sun.awt.windows.WPrinterJob" />
    <property name="java.specification.version" value="1.8" />
    <property name="file.encoding" value="Cp1252" />
    <property name="user.name" value="mur" />
    <property name="java.class.path" value="D:\Software\apache-ant-1.10.1-bin\apache-ant-1.10.1\lib\ant-antlr.jar;D:\Software\apache-ant-1.10.1-bin\apache-ant-1.10.1\lib\ant-apache-bcel.jar;D:\Software\apache-ant-1.10.1-bin\apache-ant-1.10.1\lib\ant-apache-bsf.jar;D:\Software\apache-ant-1.10.1-bin\apache-ant-1.10.1\lib\ant-apache-log4j.jar;D:\Software\apache-ant-1.10.1-bin\apache-ant-1.10.1\lib\ant-apache-oro.jar;D:\Software\apache-ant-1.10.1-bin\apache-ant-1.10.1\lib\ant-apache-regexp.jar;D:\Software\apache-ant-1.10.1-bin\apache-ant-1.10.1\lib\ant-apache-resolver.jar;D:\Software\apache-ant-1.10.1-bin\apache-ant-1.10.1\lib\ant-apache-xalan2.jar;D:\Software\apache-ant-1.10.1-bin\apache-ant-1.10.1\lib\ant-commons-logging.jar;D:\Software\apache-ant-1.10.1-bin\apache-ant-1.10.1\lib\ant-commons-net.jar;D:\Software\apache-ant-1.10.1-bin\apache-ant-1.10.1\lib\ant-contrib-1.0b3.jar;D:\Software\apache-ant-1.10.1-bin\apache-ant-1.10.1\lib\ant-jai.jar;D:\Software\apache-ant-1.10.1-bin\apache-ant-1.10.1\lib\ant-javamail.jar;D:\Software\apache-ant-1.10.1-bin\apache-ant-1.10.1\lib\ant-jdepend.jar;D:\Software\apache-ant-1.10.1-bin\apache-ant-1.10.1\lib\ant-jmf.jar;D:\Software\apache-ant-1.10.1-bin\apache-ant-1.10.1\lib\ant-jsch.jar;D:\Software\apache-ant-1.10.1-bin\apache-ant-1.10.1\lib\ant-junit.jar;D:\Software\apache-ant-1.10.1-bin\apache-ant-1.10.1\lib\ant-junit4.jar;D:\Software\apache-ant-1.10.1-bin\apache-ant-1.10.1\lib\ant-launcher.jar;D:\Software\apache-ant-1.10.1-bin\apache-ant-1.10.1\lib\ant-netrexx.jar;D:\Software\apache-ant-1.10.1-bin\apache-ant-1.10.1\lib\ant-swing.jar;D:\Software\apache-ant-1.10.1-bin\apache-ant-1.10.1\lib\ant-testutil.jar;D:\Software\apache-ant-1.10.1-bin\apache-ant-1.10.1\lib\ant-xz.jar;D:\Software\apache-ant-1.10.1-bin\apache-ant-1.10.1\lib\ant.jar;D:\Software\apache-ant-1.10.1-bin\apache-ant-1.10.1\lib\bsf.jar;D:\Software\apache-ant-1.10.1-bin\apache-ant-1.10.1\lib\bsh-2.0b4.jar;D:\Software\apache-ant-1.10.1-bin\apache-ant-1.10.1\lib\hamcrest-all-1.3.jar;D:\Software\apache-ant-1.10.1-bin\apache-ant-1.10.1\lib\junit-4.11.jar;C:\ng\eclipse\configuration\org.eclipse.osgi\64\0\.cp\lib\antdebug.jar;C:\ng\eclipse\configuration\org.eclipse.osgi\64\0\.cp\lib\remote.jar;C:\ng\eclipse\configuration\org.eclipse.osgi\65\0\.cp\lib\remoteAnt.jar;C:\ng\jdk\lib\tools.jar;C:\ng\eclipse\plugins\org.eclipse.swt.win32.win32.x86_64_3.103.2.v20150203-1351.jar" />
    <property name="java.vm.specification.version" value="1.8" />
    <property name="sun.java.command" value="org.eclipse.ant.internal.launching.remote.InternalAntRunner -Dorg.eclipse.ant.core.ANT_PROCESS_ID=1507193355771 -Declipse.connect.port=52660 -Declipse.pdebuild.home=/C:/ng/eclipse/plugins/org.eclipse.pde.build_3.9.0.v20140415-2029/./ -Declipse.pdebuild.scripts=/C:/ng/eclipse/plugins/org.eclipse.pde.build_3.9.0.v20140415-2029/scripts/ -Declipse.pdebuild.templates=/C:/ng/eclipse/plugins/org.eclipse.pde.build_3.9.0.v20140415-2029/templates/ -Dant.home=D:\Software\apache-ant-1.10.1-bin\apache-ant-1.10.1 -logger org.eclipse.ant.internal.launching.remote.logger.RemoteAntBuildLogger -inputhandler org.eclipse.ant.internal.ui.antsupport.inputhandler.ProxyInputHandler -buildfile C:\ng\ws\AntJUnitTest\build.xml" />
    <property name="sun.arch.data.model" value="64" />
    <property name="java.home" value="C:\ng\jdk\jre" />
    <property name="java.specification.vendor" value="Oracle Corporation" />
    <property name="user.language" value="en" />
    <property name="awt.toolkit" value="sun.awt.windows.WToolkit" />
    <property name="java.vm.info" value="mixed mode" />
    <property name="java.version" value="1.8.0_73" />
    <property name="java.ext.dirs" value="C:\ng\jdk\jre\lib\ext;C:\WINDOWS\Sun\Java\lib\ext" />
    <property name="sun.boot.class.path" value="C:\ng\jdk\jre\lib\resources.jar;C:\ng\jdk\jre\lib\rt.jar;C:\ng\jdk\jre\lib\sunrsasign.jar;C:\ng\jdk\jre\lib\jsse.jar;C:\ng\jdk\jre\lib\jce.jar;C:\ng\jdk\jre\lib\charsets.jar;C:\ng\jdk\jre\lib\jfr.jar;C:\ng\jdk\jre\classes" />
    <property name="java.vendor" value="Oracle Corporation" />
    <property name="file.separator" value="\" />
    <property name="java.vendor.url.bug" value="http://bugreport.sun.com/bugreport/" />
    <property name="sun.cpu.endian" value="little" />
    <property name="sun.io.unicode.encoding" value="UnicodeLittle" />
    <property name="sun.desktop" value="windows" />
    <property name="sun.cpu.isalist" value="amd64" />
  </properties>
  <testcase classname="dk.semler.ws.vehiclesalecalculator.v201412.testcases.CalculateNewVehicleTestCases" name="PassatVanHybridInclTax[0]" time="1.831">
    <failure message="expectedsalespriceincltaxexclvat&#xa;Expected: &lt;249505.00&gt;&#xa;     but: was &lt;249990.00&gt;" type="junit.framework.AssertionFailedError">junit.framework.AssertionFailedError: expectedsalespriceincltaxexclvat
Expected: &lt;249505.00&gt;
     but: was &lt;249990.00&gt;
	at org.hamcrest.MatcherAssert.assertThat(MatcherAssert.java:20)
	at dk.semler.ws.vehiclesalecalculator.v201412.testcases.CalculateNewVehicleTestCases.PassatVanHybridInclTax(Unknown Source)
	at org.eclipse.ant.internal.launching.remote.InternalAntRunner.run(InternalAntRunner.java:452)
	at org.eclipse.ant.internal.launching.remote.InternalAntRunner.main(InternalAntRunner.java:139)
</failure>
    <failure message="expectedtaxexclregulation&#xa;Expected: &lt;3606.00&gt;&#xa;     but: was &lt;4091.00&gt;" type="junit.framework.AssertionFailedError">junit.framework.AssertionFailedError: expectedtaxexclregulation
Expected: &lt;3606.00&gt;
     but: was &lt;4091.00&gt;
	at org.hamcrest.MatcherAssert.assertThat(MatcherAssert.java:20)
	at dk.semler.ws.vehiclesalecalculator.v201412.testcases.CalculateNewVehicleTestCases.PassatVanHybridInclTax(Unknown Source)
	at org.eclipse.ant.internal.launching.remote.InternalAntRunner.run(InternalAntRunner.java:452)
	at org.eclipse.ant.internal.launching.remote.InternalAntRunner.main(InternalAntRunner.java:139)
</failure>
    <failure message="expectedsalespriceincltaxinclvat&#xa;Expected: &lt;310979.00&gt;&#xa;     but: was &lt;311464.00&gt;" type="junit.framework.AssertionFailedError">junit.framework.AssertionFailedError: expectedsalespriceincltaxinclvat
Expected: &lt;310979.00&gt;
     but: was &lt;311464.00&gt;
	at org.hamcrest.MatcherAssert.assertThat(MatcherAssert.java:20)
	at dk.semler.ws.vehiclesalecalculator.v201412.testcases.CalculateNewVehicleTestCases.PassatVanHybridInclTax(Unknown Source)
	at org.eclipse.ant.internal.launching.remote.InternalAntRunner.run(InternalAntRunner.java:452)
	at org.eclipse.ant.internal.launching.remote.InternalAntRunner.main(InternalAntRunner.java:139)
</failure>
    <failure message="expectedgrandtotalpriceinclvat&#xa;Expected: &lt;310979.00&gt;&#xa;     but: was &lt;311464.00&gt;" type="junit.framework.AssertionFailedError">junit.framework.AssertionFailedError: expectedgrandtotalpriceinclvat
Expected: &lt;310979.00&gt;
     but: was &lt;311464.00&gt;
	at org.hamcrest.MatcherAssert.assertThat(MatcherAssert.java:20)
	at dk.semler.ws.vehiclesalecalculator.v201412.testcases.CalculateNewVehicleTestCases.PassatVanHybridInclTax(Unknown Source)
	at org.eclipse.ant.internal.launching.remote.InternalAntRunner.run(InternalAntRunner.java:452)
	at org.eclipse.ant.internal.launching.remote.InternalAntRunner.main(InternalAntRunner.java:139)
</failure>
    <failure message="expectedgrandtotalpriceexclvat&#xa;Expected: &lt;249505.00&gt;&#xa;     but: was &lt;249990.00&gt;" type="junit.framework.AssertionFailedError">junit.framework.AssertionFailedError: expectedgrandtotalpriceexclvat
Expected: &lt;249505.00&gt;
     but: was &lt;249990.00&gt;
	at org.hamcrest.MatcherAssert.assertThat(MatcherAssert.java:20)
	at dk.semler.ws.vehiclesalecalculator.v201412.testcases.CalculateNewVehicleTestCases.PassatVanHybridInclTax(Unknown Source)
	at org.eclipse.ant.internal.launching.remote.InternalAntRunner.run(InternalAntRunner.java:452)
	at org.eclipse.ant.internal.launching.remote.InternalAntRunner.main(InternalAntRunner.java:139)
</failure>
  </testcase>
  <testcase classname="dk.semler.ws.vehiclesalecalculator.v201412.testcases.CalculateUsedVehicleTestCases" name="VehicleGrandTotalPriceInclVATShouldMatch[0]" time="0.633" />
  <system-out><![CDATA[]]></system-out>
  <system-err><![CDATA[]]></system-err>
</testsuite>
